#-----------------------------------------------------------
# Vivado v2017.4 (64-bit)
# SW Build 2086221 on Fri Dec 15 20:55:39 MST 2017
# IP Build 2085800 on Fri Dec 15 22:25:07 MST 2017
# Start of session at: Mon Sep  2 23:11:38 2024
# Process ID: 25876
# Current directory: E:/FPGA_class/PS/AXIGPIO
# Command line: vivado.exe -gui_launcher_event rodinguilauncherevent35964 E:\FPGA_class\PS\AXIGPIO\AXIGPIO.xpr
# Log file: E:/FPGA_class/PS/AXIGPIO/vivado.log
# Journal file: E:/FPGA_class/PS/AXIGPIO\vivado.jou
#-----------------------------------------------------------
start_gui
open_project E:/FPGA_class/PS/AXIGPIO/AXIGPIO.xpr
Scanning sources...
Finished scanning sources
INFO: [IP_Flow 19-234] Refreshing IP repositories
INFO: [IP_Flow 19-1704] No user IP repositories specified
INFO: [IP_Flow 19-2313] Loaded Vivado IP repository 'D:/FPGA/Vivado/2017.4/data/ip'.
open_project: Time (s): cpu = 00:00:18 ; elapsed = 00:00:09 . Memory (MB): peak = 870.844 ; gain = 164.125
update_compile_order -fileset sources_1
exit
INFO: [Common 17-206] Exiting Vivado at Tue Sep  3 00:25:29 2024...
