20:48:18 INFO  : Registering command handlers for SDK TCF services
20:48:19 INFO  : Launching XSCT server: xsct.bat -interactive E:\FPGA_class\PS\AXIGPIO\AXIGPIO.sdk\temp_xsdb_launch_script.tcl
20:48:21 INFO  : XSCT server has started successfully.
20:48:21 INFO  : Successfully done setting XSCT server connection channel  
20:48:21 INFO  : Successfully done setting SDK workspace  
20:48:21 INFO  : Processing command line option -hwspec E:/FPGA_class/PS/AXIGPIO/AXIGPIO.sdk/system_wrapper.hdf.
20:56:17 INFO  : Example project AXI_GPIO_bsp_xgpio_example_1 has been created successfully.
22:57:02 INFO  : Connected to target on host '127.0.0.1' and port '3121'.
22:57:02 INFO  : Jtag cable 'Digilent JTAG-HS1 210512180081' is selected.
22:57:02 INFO  : 'jtag frequency' command is executed.
22:57:02 INFO  : Sourcing of 'E:/FPGA_class/PS/AXIGPIO/AXIGPIO.sdk/system_wrapper_hw_platform_0/ps7_init.tcl' is done.
22:57:03 INFO  : Context for 'APU' is selected.
22:57:03 INFO  : System reset is completed.
22:57:06 INFO  : 'after 3000' command is executed.
22:57:06 INFO  : 'targets -set -filter {jtag_cable_name =~ "Digilent JTAG-HS1 210512180081" && level==0} -index 1' command is executed.
22:57:09 INFO  : FPGA configured successfully with bitstream "E:/FPGA_class/PS/AXIGPIO/AXIGPIO.sdk/system_wrapper_hw_platform_0/system_wrapper.bit"
22:57:09 INFO  : Context for 'APU' is selected.
22:57:09 INFO  : Hardware design information is loaded from 'E:/FPGA_class/PS/AXIGPIO/AXIGPIO.sdk/system_wrapper_hw_platform_0/system.hdf'.
22:57:09 INFO  : 'configparams force-mem-access 1' command is executed.
22:57:09 INFO  : Context for 'APU' is selected.
22:57:10 INFO  : 'ps7_init' command is executed.
22:57:10 INFO  : 'ps7_post_config' command is executed.
22:57:10 INFO  : Context for processor 'ps7_cortexa9_0' is selected.
22:57:10 INFO  : The application 'E:/FPGA_class/PS/AXIGPIO/AXIGPIO.sdk/AXI_GPIO/Debug/AXI_GPIO.elf' is downloaded to processor 'ps7_cortexa9_0'.
22:57:10 INFO  : 'configparams force-mem-access 0' command is executed.
22:57:10 INFO  : ----------------XSDB Script----------------
connect -url tcp:127.0.0.1:3121
source E:/FPGA_class/PS/AXIGPIO/AXIGPIO.sdk/system_wrapper_hw_platform_0/ps7_init.tcl
targets -set -nocase -filter {name =~"APU*" && jtag_cable_name =~ "Digilent JTAG-HS1 210512180081"} -index 0
rst -system
after 3000
targets -set -filter {jtag_cable_name =~ "Digilent JTAG-HS1 210512180081" && level==0} -index 1
fpga -file E:/FPGA_class/PS/AXIGPIO/AXIGPIO.sdk/system_wrapper_hw_platform_0/system_wrapper.bit
targets -set -nocase -filter {name =~"APU*" && jtag_cable_name =~ "Digilent JTAG-HS1 210512180081"} -index 0
loadhw -hw E:/FPGA_class/PS/AXIGPIO/AXIGPIO.sdk/system_wrapper_hw_platform_0/system.hdf -mem-ranges [list {0x40000000 0xbfffffff}]
configparams force-mem-access 1
targets -set -nocase -filter {name =~"APU*" && jtag_cable_name =~ "Digilent JTAG-HS1 210512180081"} -index 0
ps7_init
ps7_post_config
targets -set -nocase -filter {name =~ "ARM*#0" && jtag_cable_name =~ "Digilent JTAG-HS1 210512180081"} -index 0
dow E:/FPGA_class/PS/AXIGPIO/AXIGPIO.sdk/AXI_GPIO/Debug/AXI_GPIO.elf
configparams force-mem-access 0
----------------End of Script----------------

22:57:10 INFO  : Memory regions updated for context APU
22:57:10 INFO  : Context for processor 'ps7_cortexa9_0' is selected.
22:57:10 INFO  : 'con' command is executed.
22:57:10 INFO  : ----------------XSDB Script (After Launch)----------------
targets -set -nocase -filter {name =~ "ARM*#0" && jtag_cable_name =~ "Digilent JTAG-HS1 210512180081"} -index 0
con
----------------End of Script----------------

22:57:10 INFO  : Launch script is exported to file 'E:\FPGA_class\PS\AXIGPIO\AXIGPIO.sdk\.sdk\launch_scripts\xilinx_c-c++_application_(system_debugger)\system_debugger_on_local.tcl'
23:30:35 INFO  : Disconnected from the channel tcfchan#1.
23:30:36 INFO  : Connected to target on host '127.0.0.1' and port '3121'.
23:30:37 INFO  : Jtag cable 'Digilent JTAG-HS1 210512180081' is selected.
23:30:37 INFO  : 'jtag frequency' command is executed.
23:30:37 INFO  : Sourcing of 'E:/FPGA_class/PS/AXIGPIO/AXIGPIO.sdk/system_wrapper_hw_platform_0/ps7_init.tcl' is done.
23:30:37 INFO  : Context for 'APU' is selected.
23:30:37 INFO  : System reset is completed.
23:30:40 INFO  : 'after 3000' command is executed.
23:30:40 INFO  : 'targets -set -filter {jtag_cable_name =~ "Digilent JTAG-HS1 210512180081" && level==0} -index 1' command is executed.
23:30:43 INFO  : FPGA configured successfully with bitstream "E:/FPGA_class/PS/AXIGPIO/AXIGPIO.sdk/system_wrapper_hw_platform_0/system_wrapper.bit"
23:30:43 INFO  : Context for 'APU' is selected.
23:30:44 INFO  : Hardware design information is loaded from 'E:/FPGA_class/PS/AXIGPIO/AXIGPIO.sdk/system_wrapper_hw_platform_0/system.hdf'.
23:30:44 INFO  : 'configparams force-mem-access 1' command is executed.
23:30:44 INFO  : Context for 'APU' is selected.
23:30:45 INFO  : 'ps7_init' command is executed.
23:30:45 INFO  : 'ps7_post_config' command is executed.
23:30:45 INFO  : Context for processor 'ps7_cortexa9_0' is selected.
23:30:45 INFO  : The application 'E:/FPGA_class/PS/AXIGPIO/AXIGPIO.sdk/AXI_GPIO/Debug/AXI_GPIO.elf' is downloaded to processor 'ps7_cortexa9_0'.
23:30:45 INFO  : 'configparams force-mem-access 0' command is executed.
23:30:45 INFO  : ----------------XSDB Script----------------
connect -url tcp:127.0.0.1:3121
source E:/FPGA_class/PS/AXIGPIO/AXIGPIO.sdk/system_wrapper_hw_platform_0/ps7_init.tcl
targets -set -nocase -filter {name =~"APU*" && jtag_cable_name =~ "Digilent JTAG-HS1 210512180081"} -index 0
rst -system
after 3000
targets -set -filter {jtag_cable_name =~ "Digilent JTAG-HS1 210512180081" && level==0} -index 1
fpga -file E:/FPGA_class/PS/AXIGPIO/AXIGPIO.sdk/system_wrapper_hw_platform_0/system_wrapper.bit
targets -set -nocase -filter {name =~"APU*" && jtag_cable_name =~ "Digilent JTAG-HS1 210512180081"} -index 0
loadhw -hw E:/FPGA_class/PS/AXIGPIO/AXIGPIO.sdk/system_wrapper_hw_platform_0/system.hdf -mem-ranges [list {0x40000000 0xbfffffff}]
configparams force-mem-access 1
targets -set -nocase -filter {name =~"APU*" && jtag_cable_name =~ "Digilent JTAG-HS1 210512180081"} -index 0
ps7_init
ps7_post_config
targets -set -nocase -filter {name =~ "ARM*#0" && jtag_cable_name =~ "Digilent JTAG-HS1 210512180081"} -index 0
dow E:/FPGA_class/PS/AXIGPIO/AXIGPIO.sdk/AXI_GPIO/Debug/AXI_GPIO.elf
configparams force-mem-access 0
----------------End of Script----------------

23:30:45 INFO  : Memory regions updated for context APU
23:30:45 INFO  : Context for processor 'ps7_cortexa9_0' is selected.
23:30:45 INFO  : 'con' command is executed.
23:30:45 INFO  : ----------------XSDB Script (After Launch)----------------
targets -set -nocase -filter {name =~ "ARM*#0" && jtag_cable_name =~ "Digilent JTAG-HS1 210512180081"} -index 0
con
----------------End of Script----------------

23:30:45 INFO  : Launch script is exported to file 'E:\FPGA_class\PS\AXIGPIO\AXIGPIO.sdk\.sdk\launch_scripts\xilinx_c-c++_application_(system_debugger)\system_debugger_on_local.tcl'
23:32:43 INFO  : Disconnected from the channel tcfchan#2.
23:32:44 INFO  : Connected to target on host '127.0.0.1' and port '3121'.
23:32:53 INFO  : ----------------XSDB Script----------------
connect -url tcp:127.0.0.1:3121
----------------End of Script----------------

23:33:01 INFO  : Connected to target on host '127.0.0.1' and port '3121'.
23:33:01 INFO  : Jtag cable 'Digilent JTAG-HS1 210512180081' is selected.
23:33:01 INFO  : 'jtag frequency' command is executed.
23:33:01 INFO  : Sourcing of 'E:/FPGA_class/PS/AXIGPIO/AXIGPIO.sdk/system_wrapper_hw_platform_0/ps7_init.tcl' is done.
23:33:01 INFO  : Context for 'APU' is selected.
23:33:01 INFO  : System reset is completed.
23:33:04 INFO  : 'after 3000' command is executed.
23:33:04 INFO  : 'targets -set -filter {jtag_cable_name =~ "Digilent JTAG-HS1 210512180081" && level==0} -index 1' command is executed.
23:33:08 INFO  : FPGA configured successfully with bitstream "E:/FPGA_class/PS/AXIGPIO/AXIGPIO.sdk/system_wrapper_hw_platform_0/system_wrapper.bit"
23:33:08 INFO  : Context for 'APU' is selected.
23:33:09 INFO  : Hardware design information is loaded from 'E:/FPGA_class/PS/AXIGPIO/AXIGPIO.sdk/system_wrapper_hw_platform_0/system.hdf'.
23:33:09 INFO  : 'configparams force-mem-access 1' command is executed.
23:33:09 INFO  : Context for 'APU' is selected.
23:33:09 INFO  : 'ps7_init' command is executed.
23:33:09 INFO  : 'ps7_post_config' command is executed.
23:33:09 INFO  : Context for processor 'ps7_cortexa9_0' is selected.
23:33:09 INFO  : The application 'E:/FPGA_class/PS/AXIGPIO/AXIGPIO.sdk/AXI_GPIO/Debug/AXI_GPIO.elf' is downloaded to processor 'ps7_cortexa9_0'.
23:33:09 INFO  : 'configparams force-mem-access 0' command is executed.
23:33:09 INFO  : ----------------XSDB Script----------------
connect -url tcp:127.0.0.1:3121
source E:/FPGA_class/PS/AXIGPIO/AXIGPIO.sdk/system_wrapper_hw_platform_0/ps7_init.tcl
targets -set -nocase -filter {name =~"APU*" && jtag_cable_name =~ "Digilent JTAG-HS1 210512180081"} -index 0
rst -system
after 3000
targets -set -filter {jtag_cable_name =~ "Digilent JTAG-HS1 210512180081" && level==0} -index 1
fpga -file E:/FPGA_class/PS/AXIGPIO/AXIGPIO.sdk/system_wrapper_hw_platform_0/system_wrapper.bit
targets -set -nocase -filter {name =~"APU*" && jtag_cable_name =~ "Digilent JTAG-HS1 210512180081"} -index 0
loadhw -hw E:/FPGA_class/PS/AXIGPIO/AXIGPIO.sdk/system_wrapper_hw_platform_0/system.hdf -mem-ranges [list {0x40000000 0xbfffffff}]
configparams force-mem-access 1
targets -set -nocase -filter {name =~"APU*" && jtag_cable_name =~ "Digilent JTAG-HS1 210512180081"} -index 0
ps7_init
ps7_post_config
targets -set -nocase -filter {name =~ "ARM*#0" && jtag_cable_name =~ "Digilent JTAG-HS1 210512180081"} -index 0
dow E:/FPGA_class/PS/AXIGPIO/AXIGPIO.sdk/AXI_GPIO/Debug/AXI_GPIO.elf
configparams force-mem-access 0
----------------End of Script----------------

23:33:09 INFO  : Memory regions updated for context APU
23:33:09 INFO  : Context for processor 'ps7_cortexa9_0' is selected.
23:33:09 INFO  : 'con' command is executed.
23:33:09 INFO  : ----------------XSDB Script (After Launch)----------------
targets -set -nocase -filter {name =~ "ARM*#0" && jtag_cable_name =~ "Digilent JTAG-HS1 210512180081"} -index 0
con
----------------End of Script----------------

23:33:09 INFO  : Launch script is exported to file 'E:\FPGA_class\PS\AXIGPIO\AXIGPIO.sdk\.sdk\launch_scripts\xilinx_c-c++_application_(system_debugger)\system_debugger_on_local.tcl'
23:44:21 INFO  : Disconnected from the channel tcfchan#3.
23:44:22 INFO  : Connected to target on host '127.0.0.1' and port '3121'.
23:44:22 INFO  : Jtag cable 'Digilent JTAG-HS1 210512180081' is selected.
23:44:22 INFO  : 'jtag frequency' command is executed.
23:44:22 INFO  : Sourcing of 'E:/FPGA_class/PS/AXIGPIO/AXIGPIO.sdk/system_wrapper_hw_platform_0/ps7_init.tcl' is done.
23:44:22 INFO  : Context for 'APU' is selected.
23:44:22 INFO  : System reset is completed.
23:44:25 INFO  : 'after 3000' command is executed.
23:44:25 INFO  : 'targets -set -filter {jtag_cable_name =~ "Digilent JTAG-HS1 210512180081" && level==0} -index 1' command is executed.
23:44:28 INFO  : FPGA configured successfully with bitstream "E:/FPGA_class/PS/AXIGPIO/AXIGPIO.sdk/system_wrapper_hw_platform_0/system_wrapper.bit"
23:44:28 INFO  : Context for 'APU' is selected.
23:44:29 INFO  : Hardware design information is loaded from 'E:/FPGA_class/PS/AXIGPIO/AXIGPIO.sdk/system_wrapper_hw_platform_0/system.hdf'.
23:44:29 INFO  : 'configparams force-mem-access 1' command is executed.
23:44:29 INFO  : Context for 'APU' is selected.
23:44:30 INFO  : 'ps7_init' command is executed.
23:44:30 INFO  : 'ps7_post_config' command is executed.
23:44:30 INFO  : Context for processor 'ps7_cortexa9_0' is selected.
23:44:30 INFO  : The application 'E:/FPGA_class/PS/AXIGPIO/AXIGPIO.sdk/AXI_GPIO/Debug/AXI_GPIO.elf' is downloaded to processor 'ps7_cortexa9_0'.
23:44:30 INFO  : 'configparams force-mem-access 0' command is executed.
23:44:30 INFO  : ----------------XSDB Script----------------
connect -url tcp:127.0.0.1:3121
source E:/FPGA_class/PS/AXIGPIO/AXIGPIO.sdk/system_wrapper_hw_platform_0/ps7_init.tcl
targets -set -nocase -filter {name =~"APU*" && jtag_cable_name =~ "Digilent JTAG-HS1 210512180081"} -index 0
rst -system
after 3000
targets -set -filter {jtag_cable_name =~ "Digilent JTAG-HS1 210512180081" && level==0} -index 1
fpga -file E:/FPGA_class/PS/AXIGPIO/AXIGPIO.sdk/system_wrapper_hw_platform_0/system_wrapper.bit
targets -set -nocase -filter {name =~"APU*" && jtag_cable_name =~ "Digilent JTAG-HS1 210512180081"} -index 0
loadhw -hw E:/FPGA_class/PS/AXIGPIO/AXIGPIO.sdk/system_wrapper_hw_platform_0/system.hdf -mem-ranges [list {0x40000000 0xbfffffff}]
configparams force-mem-access 1
targets -set -nocase -filter {name =~"APU*" && jtag_cable_name =~ "Digilent JTAG-HS1 210512180081"} -index 0
ps7_init
ps7_post_config
targets -set -nocase -filter {name =~ "ARM*#0" && jtag_cable_name =~ "Digilent JTAG-HS1 210512180081"} -index 0
dow E:/FPGA_class/PS/AXIGPIO/AXIGPIO.sdk/AXI_GPIO/Debug/AXI_GPIO.elf
configparams force-mem-access 0
----------------End of Script----------------

23:44:30 INFO  : Memory regions updated for context APU
23:44:30 INFO  : Context for processor 'ps7_cortexa9_0' is selected.
23:44:30 INFO  : 'con' command is executed.
23:44:30 INFO  : ----------------XSDB Script (After Launch)----------------
targets -set -nocase -filter {name =~ "ARM*#0" && jtag_cable_name =~ "Digilent JTAG-HS1 210512180081"} -index 0
con
----------------End of Script----------------

23:44:30 INFO  : Launch script is exported to file 'E:\FPGA_class\PS\AXIGPIO\AXIGPIO.sdk\.sdk\launch_scripts\xilinx_c-c++_application_(system_debugger)\system_debugger_on_local.tcl'
00:01:50 INFO  : Disconnected from the channel tcfchan#4.
